Log file open, 10/03/15 01:58:05
LogInit:Display: Running engine for game: Sinkhole
LogInit: Version: 4.7.6-2513093+++depot+UE4-Releases+4.7
LogInit: API Version: 2455222
LogInit: Compiled (64-bit): Apr 15 2015 12:09:54
LogInit: Compiled with Visual C++: 18.00.21005.01
LogInit: Build Configuration: Development
LogInit: Branch Name: ++depot+UE4-Releases+4.7
LogInit: Command line: 
LogInit: Base directory: C:/Program Files/Epic Games/4.7/Engine/Binaries/Win64/
LogInit: Rocket: 1
[2015.10.02-16.58.05:650][  0]LogTaskGraph: Started task graph with 3 named threads and 6 total threads.
[2015.10.02-16.58.05:714][  0]LogOnline:Warning: No default platform service specified for OnlineSubsystem
[2015.10.02-16.58.05:734][  0]LogInit: Presizing for 0 objects not considered by GC, pre-allocating 0 bytes.
[2015.10.02-16.58.05:749][  0]LogInit: Object subsystem initialized
[2015.10.02-16.58.05:758][  0]LogInit: Selected Device Profile: [Windows]
[2015.10.02-16.58.05:758][  0]LogInit: Applying CVar settings loaded from the selected device profile: [Windows]
[2015.10.02-16.58.05:764][  0]LogInit: Computer: EDRAGON33-PC
[2015.10.02-16.58.05:764][  0]LogInit: User: edragon33
[2015.10.02-16.58.05:764][  0]LogInit: CPU Page size=4096, Cores=4
[2015.10.02-16.58.05:764][  0]LogInit: High frequency timer resolution =2.734569 MHz
[2015.10.02-16.58.05:764][  0]LogMemory: Memory total: Physical=12.0GB (12GB approx) Virtual=131072.0GB
[2015.10.02-16.58.05:764][  0]LogMemory: Platform Memory Stats for Windows
[2015.10.02-16.58.05:764][  0]LogMemory: Process Physical Memory: 47.86 MB used, 47.86 MB peak
[2015.10.02-16.58.05:764][  0]LogMemory: Process Virtual Memory: 23.74 MB used, 23.81 MB peak
[2015.10.02-16.58.05:764][  0]LogMemory: Physical Memory: 5570.21 MB used, 12287.11 MB total
[2015.10.02-16.58.05:764][  0]LogMemory: Virtual Memory: 307.09 MB used, 134217728.00 MB total
[2015.10.02-16.58.06:801][  0]LogD3D11RHI: Found D3D11 adapter 0: NVIDIA GeForce GTS 250 (Feature Level 10_0)
[2015.10.02-16.58.06:801][  0]LogD3D11RHI: Adapter has 480MB of dedicated video memory, 0MB of dedicated system memory, and 3583MB of shared system memory, 2 output[s]
[2015.10.02-16.58.06:803][  0]LogD3D11RHI: Found D3D11 adapter 1: Microsoft Basic Render Driver (Feature Level 11_0)
[2015.10.02-16.58.06:803][  0]LogD3D11RHI: Adapter has 0MB of dedicated video memory, 0MB of dedicated system memory, and 6143MB of shared system memory, 0 output[s]
[2015.10.02-16.58.06:803][  0]LogD3D11RHI: Chosen D3D11 Adapter Id = 0
[2015.10.02-16.58.06:809][  0]LogRHI: Texture pool is 336 MB (70% of 480 MB)
[2015.10.02-16.58.07:824][  0]LogD3D11RHI: Async texture creation enabled
[2015.10.02-16.58.07:894][  0]LogTextLocalizationManager: The requested culture ('ko_KR') has no localization data; parent culture's ('ko') localization data will be used.
[2015.10.02-16.58.07:974][  0]LogTextLocalizationManager:Warning: Loading localization resources contain conflicting entries for (Namespace:UICommands, Key:Save_ToolTip):
Resource: (C:/Program Files/Epic Games/4.7/Engine/Content/Localization/Editor/ko/Editor.locres) Hash: (-29098895) String: (현재 레벨을 디스크에 저장합니다.)
Resource: (C:/Program Files/Epic Games/4.7/Engine/Content/Localization/Engine/ko/Engine.locres) Hash: (-1280300587) String: (선택된 데이터를 vlog 파일에 저장합니다.)
[2015.10.02-16.58.07:975][  0]LogTextLocalizationManager:Warning: Loading localization resources contain conflicting entries for (Namespace:ContentBrowser, Key:ImportAssetToolTip):
Resource: (C:/Program Files/Epic Games/4.7/Engine/Content/Localization/Editor/ko/Editor.locres) Hash: (-630476809) String: ({0} 에 임포트...)
Resource: (C:/Program Files/Epic Games/4.7/Engine/Content/Localization/Editor/ko/Editor.locres) Hash: (1271782899) String: (파일에서 이 폴더로 애셋을 임포트합니다.)
[2015.10.02-16.58.08:105][  0]LogContentStreaming: Texture pool size is 0.000000MB
[2015.10.02-16.58.11:205][  0]LogTargetPlatformManager:Display: Building Assets For Windows
[2015.10.02-16.58.11:868][  0]LogTargetPlatformManager:Display: Building Assets For Windows
[2015.10.02-16.58.11:965][  0]LogDerivedDataCache:Display: Max Cache Size: 512 MB
[2015.10.02-16.58.12:032][  0]LogDerivedDataCache: Loaded boot cache 0.07s 36MB C:/Users/edragon33/AppData/Local/UnrealEngine/4.7/DerivedDataCache/Boot.ddc.
[2015.10.02-16.58.12:032][  0]LogDerivedDataCache:Display: Loaded Boot cache: C:/Users/edragon33/AppData/Local/UnrealEngine/4.7/DerivedDataCache/Boot.ddc
[2015.10.02-16.58.12:032][  0]LogDerivedDataCache: FDerivedDataBackendGraph:  Pak pak cache file D:/GitHub/sinkhole/Src/Sinkhole/DerivedDataCache/DDC.ddp not found, will not use a pak cache.
[2015.10.02-16.58.12:032][  0]LogDerivedDataCache: Unable to find inner node Pak for hierarchical cache Hierarchy.
[2015.10.02-16.58.12:189][  0]LogDerivedDataCache:Display: Pak cache opened for reading ../../../Engine/DerivedDataCache/Compressed.ddp.
[2015.10.02-16.58.12:202][  0]LogDerivedDataCache: Using Local data cache path C:/Users/edragon33/AppData/Local/UnrealEngine/Common/DerivedDataCache: Writable
[2015.10.02-16.58.12:641][  0]LogMeshUtilities: No automatic mesh reduction module available
[2015.10.02-16.58.12:641][  0]LogMeshUtilities: No automatic mesh merging module available
[2015.10.02-16.58.13:238][  0]LogInit: WinSock: version 1.1 (2.2), MaxSocks=32767, MaxUdp=65467
[2015.10.02-16.58.13:361][  0]LogSlate:Warning: Failed to load font data from '../../../Engine/Content/Slate/Fonts/Roboto-Italic.ttf'
[2015.10.02-16.58.14:653][  0]UdpMessaging: Initializing bridge on interface 0.0.0.0:0 to multicast group 230.0.0.1:6666.
[2015.10.02-16.58.14:932][  0]SourceControl: 정보 소스 콘트롤이 꺼졌습니다.
[2015.10.02-16.58.14:933][  0]SourceControl: 정보 소스 콘트롤이 꺼졌습니다.
[2015.10.02-16.58.14:933][  0]SourceControl: 정보 소스 콘트롤이 꺼졌습니다.
[2015.10.02-16.58.14:933][  0]LogSourceControl: RunCommandInternalRaw: 'git version'
[2015.10.02-16.58.14:933][  0]LogSourceControl: RunCommandInternalRaw: ExecProcess ReturnCode=2 OutResults=''
[2015.10.02-16.58.14:948][  0]SourceControl: 정보 소스 콘트롤이 꺼졌습니다.
[2015.10.02-16.58.15:246][  0]LogObj: 24232 objects as part of root set at end of initial load.
[2015.10.02-16.58.15:246][  0]LogUObjectAllocator: 5137168 out of 0 bytes used by permanent object pool.
[2015.10.02-16.58.15:375][  0]LogEngine: Initializing Engine...
[2015.10.02-16.58.17:599][  0]LogInit: XAudio2 using '스피커(VIA HD Audio)' : 2 channels at 48 kHz using 32 bits per sample (channel mask 0x3)
[2015.10.02-16.58.17:607][  0]LogInit: FAudioDevice initialized.
[2015.10.02-16.58.17:668][  0]LogAIModule: Creating AISystem for world NewWorld
[2015.10.02-16.58.17:700][  0]LogDerivedDataCache: Saved boot cache 0.03s 36MB C:/Users/edragon33/AppData/Local/UnrealEngine/4.7/DerivedDataCache/Boot.ddc.
[2015.10.02-16.58.17:712][  0]LogInit: Texture streaming: Enabled
[2015.10.02-16.58.17:851][  0]LogAnalytics: Creating configured Analytics provider AnalyticsET
[2015.10.02-16.58.17:851][  0]LogAnalytics: ET APIKey = Rocket.Release. APIServer = http://et2.epicgames.com/ET2/. AppVersion = 4.7.6-2513093+++depot+UE4-Releases+4.7
[2015.10.02-16.58.17:851][  0]LogAnalytics: ET APIKey = Rocket.Release. DataRouterUploadURL = https://datarouter-public-service-gamedev.ol.epicgames.net/datarouter/api/v1/public/data. AppVersion = 4.7.6-2513093+++depot+UE4-Releases+4.7
[2015.10.02-16.58.17:851][  0]LogAnalytics: SetUserId be2829a745f3de2304577993c2c8604b|ec8005ed97f24ee4b5ae2bc5abfe5161|9c3685a0-8a37-4e96-81c7-1efdeb41719a
[2015.10.02-16.58.17:851][  0]LogAnalytics: AnalyticsET::StartSession [Rocket.Release]
[2015.10.02-16.58.17:891][  0]LogInit: Transaction tracking system initialized
[2015.10.02-16.58.18:166][  0]BlueprintLog: New page: 에디터 로드
[2015.10.02-16.58.18:215][  0]LogAssetRegistry: FAssetRegistry took 0.0104 seconds to start up
[2015.10.02-16.58.18:215][  0]LogDirectoryWatcher:Warning: Failed to begin reading directory changes for ../../../Engine/Plugins/Experimental/CharacterAI/Content/. Error: 0
[2015.10.02-16.58.18:903][  0]LogTargetPlatformManager:Display: Building Assets For Windows
[2015.10.02-16.58.19:308][  0]LogTargetPlatformManager:Display: Building Assets For Windows
[2015.10.02-16.58.25:018][  0]LogLinker:Warning: Asset '../../../Engine/Content/Tutorial/Mobile/SettingUpAndroidTutorial.uasset' has been saved with empty engine version. The asset will be loaded but may be incompatible.
[2015.10.02-16.58.25:069][  0]LogSlate:Warning: Failed to load font data from '../../../Engine/Content/Editor/Slate/Fonts/Roboto-Regular.ttf'
[2015.10.02-16.58.25:070][  0]LogSlate:Warning: Failed to load font data from '../../../Engine/Content/Editor/Slate/Fonts/Roboto-Bold.ttf'
[2015.10.02-16.58.25:084][  0]LogConsoleResponse:Display: 
[2015.10.02-16.58.25:433][  0]LogCook:Display: Done creating registry. It took  0.00s.
[2015.10.02-16.58.25:690][  0]SourceControl: 정보 소스 콘트롤이 꺼졌습니다.
[2015.10.02-16.58.25:690][  0]Cmd: MAP LOAD FILE="../../../Engine/Content/Maps/Templates/Template_Default.umap" TEMPLATE=1 SHOWPROGRESS=1 FEATURELEVEL=2
[2015.10.02-16.58.25:691][  0]LightingResults: New page: 라이팅 빌드
[2015.10.02-16.58.25:711][  0]MapCheck: New page: 맵 체크
[2015.10.02-16.58.25:711][  0]LightingResults: New page: 라이팅 빌드
[2015.10.02-16.58.25:723][  0]LogParticles: Destroying 0 GPU particle simulations for FXSystem 0x0000006DD6EB47C0
[2015.10.02-16.58.27:218][  0]LogEditorServer: Finished looking for orphan Actors (0.000 secs)
[2015.10.02-16.58.27:224][  0]LogAIModule: Creating AISystem for world Untitled_1
[2015.10.02-16.58.27:225][  0]Cmd: MAP CHECKDEP
[2015.10.02-16.58.27:225][  0]MapCheck: New page: Untitled_1 - 2015. 10. 3. 오전 10:58:27
[2015.10.02-16.58.27:345][  0]MapCheck: 정보 맵 체크 완료: 오류 0 회, 경고 0 회, 소요 시간 120.314ms.
[2015.10.02-16.58.27:345][  0]LogFileHelpers: Loading map 'Template_Default' took 1.655
[2015.10.02-16.58.29:325][  0]LogCollectionManager: Loaded 0 collections in 0.005151 seconds
[2015.10.02-16.58.29:464][  0]LogContentBrowser: Native class hierarchy populated in 0.1351 seconds. Added 1696 classes and 261 folders.
[2015.10.02-16.58.30:596][  0]LogContentBrowser: Native class hierarchy updated for 'SceneOutliner' in 0.0030 seconds. Added 1 classes and 2 folders.
[2015.10.02-16.58.32:267][  0]LogCrashTracker: Crashtracker disabled due to settings.
[2015.10.02-16.58.32:503][  0]LogSlate:Warning: Failed to load font data from 'Veranda'
[2015.10.02-16.58.32:577][  0]LogUObjectGlobals:Warning: 'Class 없음.' 오브젝트를 찾는 데 실패했습니다.
[2015.10.02-16.58.32:638][  0]LogLoad: Full Startup: 29.14 seconds (BP compile: 0.13 seconds)
[2015.10.02-16.58.34:649][  0]LogRenderer:Warning: Reallocating scene render targets to support 1168x600 (Frame:2).
[2015.10.02-16.58.42:472][605]LogAssetRegistry: Asset discovery search completed in 24.2669 seconds
[2015.10.02-16.58.43:625][702]LogContentBrowser:Verbose: The content browser source was changed by the sources view to '/Game'
[2015.10.02-16.58.50:195][248]LogContentBrowser:Verbose: The content browser source was changed by the sources view to '/Game/새 폴더'
[2015.10.02-16.58.55:450][709]LogContentBrowser:Verbose: The content browser source was changed by the sources view to '/Game/레벨'
[2015.10.02-16.58.57:001][846]LogContentBrowser:Verbose: The content browser source was changed by the sources view to '/Game'
[2015.10.02-16.59.01:062][272]LogContentBrowser:Verbose: The content browser source was changed by the sources view to '/Game/새 폴더'
[2015.10.02-16.59.03:464][472]LogContentBrowser:Verbose: The content browser source was changed by the sources view to '/Game/사운드'
[2015.10.02-16.59.06:848][772]LogContentBrowser:Verbose: The content browser source was changed by the sources view to '/Game'
[2015.10.02-16.59.12:840][331]LogContentBrowser:Verbose: The content browser source was changed by the sources view to '/Game/레벨'
[2015.10.02-16.59.15:764][615]LogContentBrowser:Verbose: The content browser source was changed by the sources view to '/Game/레벨'
[2015.10.02-17.00.04:188][672]Cmd: OBJ SAVEPACKAGE PACKAGE="/Game/레벨/Main" FILE="D:/GitHub/sinkhole/Src/Sinkhole/Content/레벨/Main.umap" SILENT=true AUTOSAVING=false KEEPDIRTY=false
[2015.10.02-17.00.04:232][672]LogSavePackage: Save=26.803127ms
[2015.10.02-17.00.04:232][672]LogSavePackage: Moving 'D:/GitHub/sinkhole/Src/Sinkhole/Saved/MainC1FF0FCA4E3322531761968206B943F5.tmp' to 'D:/GitHub/sinkhole/Src/Sinkhole/Content/레벨/Main.umap'
[2015.10.02-17.00.04:235][672]LogFileHelpers: Saving map 'Main' took 0.177
[2015.10.02-17.00.22:680][ 45]Cmd: MAP LOAD FILE="D:/GitHub/sinkhole/Src/Sinkhole/Content/레벨/Main.umap" TEMPLATE=0 SHOWPROGRESS=1 FEATURELEVEL=2
[2015.10.02-17.00.22:681][ 45]LightingResults: New page: 라이팅 빌드
[2015.10.02-17.00.22:719][ 45]LoadErrors: New page: 맵 로드중: Main.umap
[2015.10.02-17.00.22:720][ 45]MapCheck: New page: 맵 체크
[2015.10.02-17.00.22:720][ 45]LightingResults: New page: 라이팅 빌드
[2015.10.02-17.00.22:734][ 45]LogParticles: Destroying 0 GPU particle simulations for FXSystem 0x0000006DD4ACAC00
[2015.10.02-17.00.22:756][ 45]LogEditorServer: Finished looking for orphan Actors (0.000 secs)
[2015.10.02-17.00.22:757][ 45]LogAIModule: Creating AISystem for world Main
[2015.10.02-17.00.22:784][ 45]Cmd: MAP CHECKDEP
[2015.10.02-17.00.22:785][ 45]MapCheck: New page: Main - 2015. 10. 3. 오전 11:00:22
[2015.10.02-17.00.22:910][ 45]MapCheck: 정보 맵 체크 완료: 오류 0 회, 경고 0 회, 소요 시간 125.583ms.
[2015.10.02-17.00.22:946][ 45]LogFileHelpers: Loading map 'Main' took 0.268
[2015.10.02-17.00.41:099][628]LogContentBrowser:Verbose: The content browser source was changed by the sources view to '/Game/레벨'
[2015.10.02-17.00.45:725][854]Cmd: OBJ SAVEPACKAGE PACKAGE="/Game/레벨/NewWorld" FILE="D:/GitHub/sinkhole/Src/Sinkhole/Content/레벨/NewWorld.umap" SILENT=true AUTOSAVING=false KEEPDIRTY=false
[2015.10.02-17.00.45:757][854]LogSavePackage: Save=14.028536ms
[2015.10.02-17.00.45:757][854]LogSavePackage: Moving 'D:/GitHub/sinkhole/Src/Sinkhole/Saved/NewWorld41E3EC73497311B3211D419E5DE983B0.tmp' to 'D:/GitHub/sinkhole/Src/Sinkhole/Content/레벨/NewWorld.umap'
[2015.10.02-17.00.45:759][854]LogFileHelpers: Saving map 'NewWorld' took 0.165
[2015.10.02-17.00.45:763][854]Cmd: MAP LOAD FILE="D:/GitHub/sinkhole/Src/Sinkhole/Content/레벨/NewWorld.umap" TEMPLATE=0 SHOWPROGRESS=1 FEATURELEVEL=2
[2015.10.02-17.00.45:763][854]LightingResults: New page: 라이팅 빌드
[2015.10.02-17.00.45:802][854]LoadErrors: New page: 맵 로드중: NewWorld.umap
[2015.10.02-17.00.45:802][854]MapCheck: New page: 맵 체크
[2015.10.02-17.00.45:802][854]LightingResults: New page: 라이팅 빌드
[2015.10.02-17.00.45:818][854]LogParticles: Destroying 0 GPU particle simulations for FXSystem 0x0000006DDA456980
[2015.10.02-17.00.45:819][854]LogEditorServer: Finished looking for orphan Actors (0.000 secs)
[2015.10.02-17.00.45:820][854]LogAIModule: Creating AISystem for world NewWorld
[2015.10.02-17.00.45:874][854]Cmd: MAP CHECKDEP
[2015.10.02-17.00.45:874][854]MapCheck: New page: NewWorld - 2015. 10. 3. 오전 11:00:45
[2015.10.02-17.00.46:007][854]MapCheck: 정보 맵 체크 완료: 오류 0 회, 경고 0 회, 소요 시간 132.514ms.
[2015.10.02-17.00.46:008][854]LogFileHelpers: Loading map 'NewWorld' took 0.247
[2015.10.02-17.00.47:950][ 61]Cmd: MAP LOAD FILE="D:/GitHub/sinkhole/Src/Sinkhole/Content/레벨/NewWorld.umap" TEMPLATE=0 SHOWPROGRESS=1 FEATURELEVEL=2
[2015.10.02-17.00.47:950][ 61]LightingResults: New page: 라이팅 빌드
[2015.10.02-17.00.47:989][ 61]LoadErrors: New page: 맵 로드중: NewWorld.umap
[2015.10.02-17.00.47:990][ 61]MapCheck: New page: 맵 체크
[2015.10.02-17.00.47:990][ 61]LightingResults: New page: 라이팅 빌드
[2015.10.02-17.00.48:009][ 61]LogParticles: Destroying 0 GPU particle simulations for FXSystem 0x0000006DDA411D00
[2015.10.02-17.00.48:012][ 61]LogEditorServer: Finished looking for orphan Actors (0.000 secs)
[2015.10.02-17.00.48:013][ 61]LogAIModule: Creating AISystem for world NewWorld
[2015.10.02-17.00.48:026][ 61]Cmd: MAP CHECKDEP
[2015.10.02-17.00.48:026][ 61]MapCheck: New page: NewWorld - 2015. 10. 3. 오전 11:00:48
[2015.10.02-17.00.48:155][ 61]MapCheck: 정보 맵 체크 완료: 오류 0 회, 경고 0 회, 소요 시간 129.088ms.
[2015.10.02-17.00.48:157][ 61]LogFileHelpers: Loading map 'NewWorld' took 0.210
[2015.10.02-17.00.53:610][511]LightingResults: New page: 라이팅 빌드
[2015.10.02-17.00.53:610][511]MapCheck: New page: 맵 체크
[2015.10.02-17.00.53:610][511]LightingResults: New page: 라이팅 빌드
[2015.10.02-17.00.53:652][511]LogParticles: Destroying 0 GPU particle simulations for FXSystem 0x0000006DDA412700
[2015.10.02-17.00.53:658][511]LogAIModule: Creating AISystem for world NewWorld
[2015.10.02-17.00.53:669][511]LoadErrors: New page: 새 맵
[2015.10.02-17.01.05:363][693]LogEditor: Attempting to add actor of class 'LevelBounds' to level at 540.00,320.00,-200.00
[2015.10.02-17.01.05:711][730]LogEditor: Attempting to add actor of class 'LevelBounds' to level at 540.00,320.00,-200.00
[2015.10.02-17.01.07:944][963]Cmd: DELETE
[2015.10.02-17.01.07:944][963]Cmd: ACTOR DELETE
[2015.10.02-17.01.08:236][963]LogEditorActor: Deleted Actor: LevelBounds
[2015.10.02-17.01.08:236][963]LogActorComponent: UnregisterComponent: (/Engine/Transient.MovementComponent0) Not registered. Aborting.
[2015.10.02-17.01.08:255][963]LogEditorActor: Deleted 1 Actors (0.019 secs)
[2015.10.02-17.01.27:780][ 33]Cmd: DELETE
[2015.10.02-17.01.27:780][ 33]Cmd: ACTOR DELETE
[2015.10.02-17.01.27:781][ 33]LogEditorActor: Deleted Actor: DirectionalLight
[2015.10.02-17.01.27:798][ 33]LogEditorActor: Deleted 1 Actors (0.018 secs)
[2015.10.02-17.01.42:359][636]Cmd: DELETE
[2015.10.02-17.01.42:359][636]Cmd: ACTOR DELETE
[2015.10.02-17.01.42:360][636]LogEditorActor: Deleted Actor: PostProcessVolume
[2015.10.02-17.01.42:388][636]LogEditorActor: Deleted 1 Actors (0.028 secs)
[2015.10.02-17.01.47:627][ 40]Cmd: DELETE
[2015.10.02-17.01.47:627][ 40]Cmd: ACTOR DELETE
[2015.10.02-17.01.47:628][ 40]LogEditorActor: Deleted Actor: AtmosphericFog
[2015.10.02-17.01.47:646][ 40]LogEditorActor: Deleted 1 Actors (0.019 secs)
[2015.10.02-17.01.52:874][524]Cmd: DELETE
[2015.10.02-17.01.52:874][524]Cmd: ACTOR DELETE
[2015.10.02-17.01.52:875][524]LogEditorActor: Deleted Actor: ExponentialHeightFog
[2015.10.02-17.01.52:893][524]LogEditorActor: Deleted 1 Actors (0.018 secs)
[2015.10.02-17.02.32:247][813]LogEditorActor: Deleted Actor: AtmosphericFog
[2015.10.02-17.02.32:248][813]LogActorComponent: UnregisterComponent: (/Engine/Transient.MovementComponent0) Not registered. Aborting.
[2015.10.02-17.02.32:266][813]LogEditorActor: Deleted 1 Actors (0.020 secs)
[2015.10.02-17.03.03:886][775]Cmd: OBJ SAVEPACKAGE PACKAGE="/Game/레벨/Main" FILE="D:/GitHub/sinkhole/Src/Sinkhole/Content/레벨/Main.umap" SILENT=true AUTOSAVING=false KEEPDIRTY=false
[2015.10.02-17.03.03:955][775]LogSavePackage: Save=20.467577ms
[2015.10.02-17.03.03:955][775]LogSavePackage: Moving 'D:/GitHub/sinkhole/Src/Sinkhole/Saved/Main833BA0FC442FF1757CEA859C30137AA1.tmp' to 'D:/GitHub/sinkhole/Src/Sinkhole/Content/레벨/Main.umap'
[2015.10.02-17.03.04:006][775]LogFileHelpers: Saving map 'Main' took 2.191
[2015.10.02-17.03.04:013][775]Cmd: OBJ SAVEPACKAGE PACKAGE="/Game/레벨/NewWorld" FILE="D:/GitHub/sinkhole/Src/Sinkhole/Content/레벨/NewWorld.umap" SILENT=true
[2015.10.02-17.03.04:020][775]LogSavePackage: Save=3.992951ms
[2015.10.02-17.03.04:020][775]LogSavePackage: Moving 'D:/GitHub/sinkhole/Src/Sinkhole/Saved/NewWorld2A92057041D2F2F7E9FB10B2C23FD0CC.tmp' to 'D:/GitHub/sinkhole/Src/Sinkhole/Content/레벨/NewWorld.umap'
[2015.10.02-17.03.21:104][324]Cmd: QUIT_EDITOR
[2015.10.02-17.03.21:422][324]LogExit: Preparing to exit.
[2015.10.02-17.03.21:776][324]LogExit: Editor shut down
[2015.10.02-17.03.21:776][324]LogExit: Transaction tracking system shut down
[2015.10.02-17.03.21:777][324]LogParticles: Destroying 0 GPU particle simulations for FXSystem 0x0000006DDA414A40
[2015.10.02-17.03.21:777][324]LogParticles: Destroying 0 GPU particle simulations for FXSystem 0x0000006DD2C3C540
[2015.10.02-17.03.21:846][324]LogParticles: Destroying 0 GPU particle simulations for FXSystem 0x0000006DD2F11DA0
[2015.10.02-17.03.21:846][324]LogExit: Object subsystem successfully closed.
[2015.10.02-17.03.21:915][324]LogModuleManager: Shutting down and abandoning module CrashTracker (177)
[2015.10.02-17.03.21:915][324]LogModuleManager: Shutting down and abandoning module SuperSearch (176)
[2015.10.02-17.03.21:915][324]LogModuleManager: Shutting down and abandoning module SceneOutliner (175)
[2015.10.02-17.03.21:915][324]LogModuleManager: Shutting down and abandoning module EditorWidgets (174)
[2015.10.02-17.03.21:915][324]LogModuleManager: Shutting down and abandoning module CollectionManager (173)
[2015.10.02-17.03.21:929][324]LogModuleManager: Shutting down and abandoning module StatsViewer (172)
[2015.10.02-17.03.21:929][324]LogModuleManager: Shutting down and abandoning module FoliageEdit (171)
[2015.10.02-17.03.21:929][324]LogModuleManager: Shutting down and abandoning module LandscapeEditor (170)
[2015.10.02-17.03.21:929][324]LogModuleManager: Shutting down and abandoning module MeshPaint (169)
[2015.10.02-17.03.21:929][324]LogModuleManager: Shutting down and abandoning module ActorPickerMode (168)
[2015.10.02-17.03.21:929][324]LogModuleManager: Shutting down and abandoning module GeometryMode (167)
[2015.10.02-17.03.21:929][324]LogModuleManager: Shutting down and abandoning module TextureAlignMode (166)
[2015.10.02-17.03.21:929][324]LogModuleManager: Shutting down and abandoning module BspMode (165)
[2015.10.02-17.03.21:929][324]LogModuleManager: Shutting down and abandoning module PlacementMode (164)
[2015.10.02-17.03.21:929][324]LogModuleManager: Shutting down and abandoning module AutomationWorker (163)
[2015.10.02-17.03.21:929][324]LogModuleManager: Shutting down and abandoning module CharacterAI (162)
[2015.10.02-17.03.21:929][324]LogModuleManager: Shutting down and abandoning module SmartSnapping (161)
[2015.10.02-17.03.21:929][324]LogModuleManager: Shutting down and abandoning module ViewportSnapping (160)
[2015.10.02-17.03.21:929][324]LogModuleManager: Shutting down and abandoning module LogVisualizer (159)
[2015.10.02-17.03.21:929][324]LogModuleManager: Shutting down and abandoning module GameProjectGeneration (158)
[2015.10.02-17.03.21:930][324]LogModuleManager: Shutting down and abandoning module IntroTutorials (157)
[2015.10.02-17.03.21:930][324]LogModuleManager: Shutting down and abandoning module EditorLiveStreaming (156)
[2015.10.02-17.03.21:930][324]LogModuleManager: Shutting down and abandoning module HardwareTargeting (155)
[2015.10.02-17.03.21:930][324]LogModuleManager: Shutting down and abandoning module DeviceProfileEditor (154)
[2015.10.02-17.03.21:930][324]LogModuleManager: Shutting down and abandoning module UndoHistory (153)
[2015.10.02-17.03.21:930][324]LogModuleManager: Shutting down and abandoning module GameplayTagsEditor (152)
[2015.10.02-17.03.21:930][324]LogModuleManager: Shutting down and abandoning module UserFeedback (151)
[2015.10.02-17.03.21:930][324]LogModuleManager: Shutting down and abandoning module XmlParser (150)
[2015.10.02-17.03.21:930][324]LogModuleManager: Shutting down and abandoning module Blutility (149)
[2015.10.02-17.03.21:930][324]LogModuleManager: Shutting down and abandoning module IOSPlatformEditor (148)
[2015.10.02-17.03.21:930][324]LogModuleManager: Shutting down and abandoning module IOSRuntimeSettings (147)
[2015.10.02-17.03.21:930][324]LogModuleManager: Shutting down and abandoning module AndroidDeviceDetection (146)
[2015.10.02-17.03.22:472][324]LogModuleManager: Shutting down and abandoning module AndroidPlatformEditor (145)
[2015.10.02-17.03.22:472][324]LogModuleManager: Shutting down and abandoning module AndroidRuntimeSettings (144)
[2015.10.02-17.03.22:472][324]LogModuleManager: Shutting down and abandoning module ProjectTargetPlatformEditor (143)
[2015.10.02-17.03.22:472][324]LogModuleManager: Shutting down and abandoning module ProjectSettingsViewer (142)
[2015.10.02-17.03.22:472][324]LogModuleManager: Shutting down and abandoning module InputBindingEditor (141)
[2015.10.02-17.03.22:472][324]LogModuleManager: Shutting down and abandoning module EditorSettingsViewer (140)
[2015.10.02-17.03.22:472][324]LogModuleManager: Shutting down and abandoning module SettingsEditor (139)
[2015.10.02-17.03.22:472][324]LogModuleManager: Shutting down and abandoning module ProjectLauncher (138)
[2015.10.02-17.03.22:472][324]LogModuleManager: Shutting down and abandoning module SessionFrontend (137)
[2015.10.02-17.03.22:472][324]LogModuleManager: Shutting down and abandoning module ProfilerClient (136)
[2015.10.02-17.03.22:472][324]LogModuleManager: Shutting down and abandoning module TargetDeviceServices (135)
[2015.10.02-17.03.22:472][324]LogModuleManager: Shutting down and abandoning module DeviceManager (134)
[2015.10.02-17.03.22:473][324]LogModuleManager: Shutting down and abandoning module AutomationController (133)
[2015.10.02-17.03.22:473][324]LogModuleManager: Shutting down and abandoning module AutomationWindow (132)
[2015.10.02-17.03.22:473][324]LogModuleManager: Shutting down and abandoning module Layers (131)
[2015.10.02-17.03.22:473][324]LogModuleManager: Shutting down and abandoning module ComponentVisualizers (130)
[2015.10.02-17.03.22:473][324]LogModuleManager: Shutting down and abandoning module DetailCustomizations (129)
[2015.10.02-17.03.22:473][324]LogModuleManager: Shutting down and abandoning module PackagesDialog (128)
[2015.10.02-17.03.22:473][324]LogModuleManager: Shutting down and abandoning module AssetRegistry (127)
[2015.10.02-17.03.22:548][324]LogModuleManager: Shutting down and abandoning module Persona (126)
[2015.10.02-17.03.22:548][324]LogModuleManager: Shutting down and abandoning module SlateReflector (125)
[2015.10.02-17.03.22:548][324]LogModuleManager: Shutting down and abandoning module LevelEditor (124)
[2015.10.02-17.03.22:549][324]LogModuleManager: Shutting down and abandoning module Kismet (123)
[2015.10.02-17.03.22:549][324]LogModuleManager: Shutting down and abandoning module GraphEditor (122)
[2015.10.02-17.03.22:550][324]LogModuleManager: Shutting down and abandoning module ClassViewer (121)
[2015.10.02-17.03.22:550][324]LogModuleManager: Shutting down and abandoning module Toolbox (120)
[2015.10.02-17.03.22:550][324]LogModuleManager: Shutting down and abandoning module ModuleUI (119)
[2015.10.02-17.03.22:550][324]LogModuleManager: Shutting down and abandoning module MovieSceneTools (118)
[2015.10.02-17.03.22:550][324]LogModuleManager: Shutting down and abandoning module OutputLog (117)
[2015.10.02-17.03.22:550][324]LogModuleManager: Shutting down and abandoning module GammaUI (116)
[2015.10.02-17.03.22:550][324]LogModuleManager: Shutting down and abandoning module Documentation (115)
[2015.10.02-17.03.22:550][324]LogModuleManager: Shutting down and abandoning module GameLiveStreaming (114)
[2015.10.02-17.03.22:550][324]LogModuleManager: Shutting down and abandoning module StreamingPauseRendering (113)
[2015.10.02-17.03.22:550][324]LogModuleManager: Shutting down and abandoning module HTTP (112)
[2015.10.02-17.03.22:550][324]LogModuleManager: Shutting down and abandoning module AnalyticsET (111)
[2015.10.02-17.03.22:550][324]LogModuleManager: Shutting down and abandoning module Analytics (110)
[2015.10.02-17.03.22:550][324]LogModuleManager: Shutting down and abandoning module AITestSuite (109)
[2015.10.02-17.03.22:550][324]LogModuleManager: Shutting down and abandoning module GameplayDebugger (108)
[2015.10.02-17.03.22:550][324]LogModuleManager: Shutting down and abandoning module AIModule (107)
[2015.10.02-17.03.22:550][324]LogModuleManager: Shutting down and abandoning module ProfilerService (106)
[2015.10.02-17.03.22:557][324]LogModuleManager: Shutting down and abandoning module TaskGraph (105)
[2015.10.02-17.03.22:557][324]LogModuleManager: Shutting down and abandoning module SlateRemote (104)
[2015.10.02-17.03.22:557][324]LogModuleManager: Shutting down and abandoning module ScriptEditorPlugin (103)
[2015.10.02-17.03.22:557][324]LogModuleManager: Shutting down and abandoning module CustomMeshComponent (102)
[2015.10.02-17.03.22:557][324]LogModuleManager: Shutting down and abandoning module CableComponent (101)
[2015.10.02-17.03.22:557][324]LogModuleManager: Shutting down and abandoning module MessagingDebugger (100)
[2015.10.02-17.03.22:557][324]LogModuleManager: Shutting down and abandoning module MediaPlayerEditor (99)
[2015.10.02-17.03.22:557][324]LogModuleManager: Shutting down and abandoning module SpeedTreeImporter (98)
[2015.10.02-17.03.22:557][324]LogModuleManager: Shutting down and abandoning module PluginsEditor (97)
[2015.10.02-17.03.22:557][324]LogModuleManager: Shutting down and abandoning module MainFrame (96)
[2015.10.02-17.03.22:557][324]LogModuleManager: Shutting down and abandoning module EpicSurvey (95)
[2015.10.02-17.03.22:557][324]LogModuleManager: Shutting down and abandoning module DesktopPlatform (94)
[2015.10.02-17.03.22:557][324]LogModuleManager: Shutting down and abandoning module DirectoryWatcher (93)
[2015.10.02-17.03.22:557][324]LogModuleManager: Shutting down and abandoning module HotReload (92)
[2015.10.02-17.03.22:558][324]LogModuleManager: Shutting down and abandoning module VisualStudioSourceCodeAccess (91)
[2015.10.02-17.03.22:558][324]LogModuleManager: Shutting down and abandoning module UObjectPlugin (90)
[2015.10.02-17.03.22:558][324]LogModuleManager: Shutting down and abandoning module SubversionSourceControl (89)
[2015.10.02-17.03.22:558][324]LogModuleManager: Shutting down and abandoning module PerforceSourceControl (88)
[2015.10.02-17.03.22:558][324]LogModuleManager: Shutting down and abandoning module SourceControl (87)
[2015.10.02-17.03.22:558][324]LogModuleManager: Shutting down and abandoning module GitSourceControl (86)
[2015.10.02-17.03.22:558][324]LogModuleManager: Shutting down and abandoning module BlankPlugin (85)
[2015.10.02-17.03.22:558][324]LogModuleManager: Shutting down and abandoning module PaperTiledImporter (84)
[2015.10.02-17.03.22:558][324]LogModuleManager: Shutting down and abandoning module PaperJsonImporter (83)
[2015.10.02-17.03.22:558][324]LogModuleManager: Shutting down and abandoning module ContentBrowser (82)
[2015.10.02-17.03.22:559][324]LogModuleManager: Shutting down and abandoning module Paper2DEditor (81)
[2015.10.02-17.03.22:559][324]LogModuleManager: Shutting down and abandoning module ScriptPlugin (80)
[2015.10.02-17.03.22:559][324]LogModuleManager: Shutting down and abandoning module UdpMessaging (79)
[2015.10.02-17.03.22:660][324]LogModuleManager: Shutting down and abandoning module Paper2D (78)
[2015.10.02-17.03.22:660][324]LogModuleManager: Shutting down and abandoning module WindowsMoviePlayer (77)
[2015.10.02-17.03.22:662][324]LogModuleManager: Shutting down and abandoning module Media (76)
[2015.10.02-17.03.22:662][324]LogModuleManager: Shutting down and abandoning module WmfMedia (75)
[2015.10.02-17.03.22:663][324]LogModuleManager: Shutting down and abandoning module OnlineBlueprintSupport (74)
[2015.10.02-17.03.22:663][324]LogModuleManager: Shutting down and abandoning module PropertyEditor (73)
[2015.10.02-17.03.22:663][324]LogModuleManager: Shutting down and abandoning module BehaviorTreeEditor (72)
[2015.10.02-17.03.22:663][324]LogModuleManager: Shutting down and abandoning module FunctionalTesting (71)
[2015.10.02-17.03.22:663][324]LogModuleManager: Shutting down and abandoning module CollisionAnalyzer (70)
[2015.10.02-17.03.22:663][324]LogModuleManager: Shutting down and abandoning module WorkspaceMenuStructure (69)
[2015.10.02-17.03.22:663][324]LogModuleManager: Shutting down and abandoning module MessageLog (68)
[2015.10.02-17.03.22:663][324]LogModuleManager: Shutting down and abandoning module Sequencer (67)
[2015.10.02-17.03.22:663][324]LogModuleManager: Shutting down and abandoning module AssetTools (66)
[2015.10.02-17.03.22:663][324]LogModuleManager: Shutting down and abandoning module UMGEditor (65)
[2015.10.02-17.03.22:663][324]LogModuleManager: Shutting down and abandoning module UMG (64)
[2015.10.02-17.03.22:663][324]LogModuleManager: Shutting down and abandoning module Slate (63)
[2015.10.02-17.03.22:663][324]LogModuleManager: Shutting down and abandoning module EditorStyle (62)
[2015.10.02-17.03.22:668][324]LogModuleManager: Shutting down and abandoning module SessionServices (61)
[2015.10.02-17.03.22:668][324]LogModuleManager: Shutting down and abandoning module SourceCodeAccess (60)
[2015.10.02-17.03.22:668][324]LogModuleManager: Shutting down and abandoning module HeadMountedDisplay (59)
[2015.10.02-17.03.22:668][324]LogModuleManager: Shutting down and abandoning module XAudio2 (58)
[2015.10.02-17.03.22:668][324]LogModuleManager: Shutting down and abandoning module Networking (56)
[2015.10.02-17.03.22:668][324]LogModuleManager: Shutting down and abandoning module Core (55)
[2015.10.02-17.03.22:668][324]LogModuleManager: Shutting down and abandoning module KismetCompiler (54)
[2015.10.02-17.03.22:668][324]LogModuleManager: Shutting down and abandoning module PhysXFormats (53)
[2015.10.02-17.03.22:668][324]LogModuleManager: Shutting down and abandoning module MeshUtilities (52)
[2015.10.02-17.03.22:669][324]LogModuleManager: Shutting down and abandoning module DerivedDataCache (51)
[2015.10.02-17.03.22:672][324]LogDerivedDataCache: Shutdown
[2015.10.02-17.03.22:672][324]LogModuleManager: Shutting down and abandoning module ShaderFormatOpenGL (50)
[2015.10.02-17.03.22:672][324]LogModuleManager: Shutting down and abandoning module ShaderFormatD3D (49)
[2015.10.02-17.03.22:672][324]LogModuleManager: Shutting down and abandoning module MetalShaderFormat (48)
[2015.10.02-17.03.22:672][324]LogModuleManager: Shutting down and abandoning module TextureFormatUncompressed (47)
[2015.10.02-17.03.22:672][324]LogModuleManager: Shutting down and abandoning module TextureFormatPVR (46)
[2015.10.02-17.03.22:672][324]LogModuleManager: Shutting down and abandoning module TextureFormatIntelISPCTexComp (45)
[2015.10.02-17.03.22:672][324]LogModuleManager: Shutting down and abandoning module TextureFormatDXT (44)
[2015.10.02-17.03.22:672][324]LogModuleManager: Shutting down and abandoning module ImageWrapper (43)
[2015.10.02-17.03.22:672][324]LogModuleManager: Shutting down and abandoning module TextureFormatASTC (42)
[2015.10.02-17.03.22:672][324]LogModuleManager: Shutting down and abandoning module TextureFormatAndroid (41)
[2015.10.02-17.03.22:673][324]LogModuleManager: Shutting down and abandoning module AudioFormatOpus (40)
[2015.10.02-17.03.22:673][324]LogModuleManager: Shutting down and abandoning module AudioFormatOgg (39)
[2015.10.02-17.03.22:673][324]LogModuleManager: Shutting down and abandoning module AudioFormatADPCM (38)
[2015.10.02-17.03.22:673][324]LogModuleManager: Shutting down and abandoning module LinuxTargetPlatform (37)
[2015.10.02-17.03.22:673][324]LogModuleManager: Shutting down and abandoning module LinuxServerTargetPlatform (36)
[2015.10.02-17.03.22:673][324]LogModuleManager: Shutting down and abandoning module LinuxNoEditorTargetPlatform (35)
[2015.10.02-17.03.22:673][324]LogModuleManager: Shutting down and abandoning module Messaging (34)
[2015.10.02-17.03.22:673][324]LogModuleManager: Shutting down and abandoning module IOSTargetPlatform (33)
[2015.10.02-17.03.22:673][324]LogModuleManager: Shutting down and abandoning module HTML5TargetPlatform (32)
[2015.10.02-17.03.22:673][324]LogModuleManager: Shutting down and abandoning module Android_PVRTCTargetPlatform (31)
[2015.10.02-17.03.22:673][324]LogModuleManager: Shutting down and abandoning module Android_ETC2TargetPlatform (30)
[2015.10.02-17.03.22:673][324]LogModuleManager: Shutting down and abandoning module Android_ETC1TargetPlatform (29)
[2015.10.02-17.03.22:673][324]LogModuleManager: Shutting down and abandoning module Android_ES31TargetPlatform (28)
[2015.10.02-17.03.22:673][324]LogModuleManager: Shutting down and abandoning module Android_DXTTargetPlatform (27)
[2015.10.02-17.03.22:673][324]LogModuleManager: Shutting down and abandoning module Android_ATCTargetPlatform (26)
[2015.10.02-17.03.22:673][324]LogModuleManager: Shutting down and abandoning module AndroidTargetPlatform (25)
[2015.10.02-17.03.22:673][324]LogModuleManager: Shutting down and abandoning module WindowsTargetPlatform (24)
[2015.10.02-17.03.22:673][324]LogModuleManager: Shutting down and abandoning module WindowsServerTargetPlatform (23)
[2015.10.02-17.03.22:673][324]LogModuleManager: Shutting down and abandoning module WindowsNoEditorTargetPlatform (22)
[2015.10.02-17.03.22:673][324]LogModuleManager: Shutting down and abandoning module WindowsClientTargetPlatform (21)
[2015.10.02-17.03.22:673][324]LogModuleManager: Shutting down and abandoning module TargetPlatform (20)
[2015.10.02-17.03.22:673][324]LogModuleManager: Shutting down and abandoning module InputCore (19)
[2015.10.02-17.03.22:673][324]LogModuleManager: Shutting down and abandoning module Settings (18)
[2015.10.02-17.03.22:673][324]LogModuleManager: Shutting down and abandoning module OnlineSubsystem (16)
[2015.10.02-17.03.22:673][324]LogModuleManager: Shutting down and abandoning module OculusRift (15)
[2015.10.02-17.03.22:673][324]LogModuleManager: Shutting down and abandoning module ExampleDeviceProfileSelector (14)
[2015.10.02-17.03.22:673][324]LogModuleManager: Shutting down and abandoning module TextureCompressor (13)
[2015.10.02-17.03.22:673][324]LogModuleManager: Shutting down and abandoning module ShaderCore (12)
[2015.10.02-17.03.22:673][324]LogModuleManager: Shutting down and abandoning module Landscape (11)
[2015.10.02-17.03.22:673][324]LogModuleManager: Shutting down and abandoning module SlateRHIRenderer (10)
[2015.10.02-17.03.22:678][324]LogModuleManager: Shutting down and abandoning module OpenGLDrv (9)
[2015.10.02-17.03.22:678][324]LogModuleManager: Shutting down and abandoning module D3D11RHI (8)
[2015.10.02-17.03.22:678][324]LogModuleManager: Shutting down and abandoning module Renderer (7)
[2015.10.02-17.03.22:678][324]LogModuleManager: Shutting down and abandoning module Engine (6)
[2015.10.02-17.03.22:678][324]LogModuleManager: Shutting down and abandoning module CoreUObject (5)
[2015.10.02-17.03.22:678][324]LogModuleManager: Shutting down and abandoning module NetworkFile (4)
[2015.10.02-17.03.22:678][324]LogModuleManager: Shutting down and abandoning module StreamingFile (3)
[2015.10.02-17.03.22:678][324]LogModuleManager: Shutting down and abandoning module SandboxFile (2)
[2015.10.02-17.03.22:678][324]LogModuleManager: Shutting down and abandoning module PakFile (1)
[2015.10.02-17.03.22:679][324]LogExit: Exiting.
[2015.10.02-17.03.22:697][324]Log file closed, 10/03/15 02:03:22
